<?xml version="1.0" encoding="UTF-8"?>
<testng-results skipped="0" failed="0" ignored="0" total="4" passed="4">
  <reporter-output>
  </reporter-output>
  <suite name="Suite" duration-ms="50073" started-at="2018-08-30T13:52:38Z" finished-at="2018-08-30T13:53:28Z">
    <groups>
    </groups>
    <test name="Test" duration-ms="50073" started-at="2018-08-30T13:52:38Z" finished-at="2018-08-30T13:53:28Z">
      <class name="testScripts.InstagramTest">
        <test-method status="PASS" signature="launch()[pri:0, instance:testScripts.InstagramTest@1bce4f0a]" name="launch" is-config="true" duration-ms="3837" started-at="2018-08-30T13:52:53Z" finished-at="2018-08-30T13:52:57Z">
          <reporter-output>
          </reporter-output>
        </test-method> <!-- launch -->
        <test-method status="PASS" signature="InstaTest()[pri:0, instance:testScripts.InstagramTest@1bce4f0a]" name="InstaTest" duration-ms="7041" started-at="2018-08-30T13:52:57Z" finished-at="2018-08-30T13:53:04Z">
          <reporter-output>
          </reporter-output>
        </test-method> <!-- InstaTest -->
        <test-method status="PASS" signature="closeBrowser()[pri:0, instance:testScripts.InstagramTest@1bce4f0a]" name="closeBrowser" is-config="true" duration-ms="884" started-at="2018-08-30T13:53:04Z" finished-at="2018-08-30T13:53:05Z">
          <reporter-output>
          </reporter-output>
        </test-method> <!-- closeBrowser -->
      </class> <!-- testScripts.InstagramTest -->
      <class name="testScripts.LinkedinTest">
        <test-method status="PASS" signature="launch()[pri:0, instance:testScripts.LinkedinTest@5e3a8624]" name="launch" is-config="true" duration-ms="4093" started-at="2018-08-30T13:53:05Z" finished-at="2018-08-30T13:53:09Z">
          <reporter-output>
          </reporter-output>
        </test-method> <!-- launch -->
        <test-method status="PASS" signature="linkedinTest()[pri:0, instance:testScripts.LinkedinTest@5e3a8624]" name="linkedinTest" duration-ms="6963" started-at="2018-08-30T13:53:09Z" finished-at="2018-08-30T13:53:16Z">
          <reporter-output>
          </reporter-output>
        </test-method> <!-- linkedinTest -->
        <test-method status="PASS" signature="closeBrowser()[pri:0, instance:testScripts.LinkedinTest@5e3a8624]" name="closeBrowser" is-config="true" duration-ms="945" started-at="2018-08-30T13:53:16Z" finished-at="2018-08-30T13:53:17Z">
          <reporter-output>
          </reporter-output>
        </test-method> <!-- closeBrowser -->
      </class> <!-- testScripts.LinkedinTest -->
      <class name="testScripts.TwitterTest">
        <test-method status="PASS" signature="launch()[pri:0, instance:testScripts.TwitterTest@5c3bd550]" name="launch" is-config="true" duration-ms="4027" started-at="2018-08-30T13:53:17Z" finished-at="2018-08-30T13:53:21Z">
          <reporter-output>
          </reporter-output>
        </test-method> <!-- launch -->
        <test-method status="PASS" signature="twitTest()[pri:0, instance:testScripts.TwitterTest@5c3bd550]" name="twitTest" duration-ms="6090" started-at="2018-08-30T13:53:21Z" finished-at="2018-08-30T13:53:27Z">
          <reporter-output>
          </reporter-output>
        </test-method> <!-- twitTest -->
        <test-method status="PASS" signature="closeBrowser()[pri:0, instance:testScripts.TwitterTest@5c3bd550]" name="closeBrowser" is-config="true" duration-ms="991" started-at="2018-08-30T13:53:27Z" finished-at="2018-08-30T13:53:28Z">
          <reporter-output>
          </reporter-output>
        </test-method> <!-- closeBrowser -->
      </class> <!-- testScripts.TwitterTest -->
      <class name="testScripts.FacebookTest">
        <test-method status="PASS" signature="launch()[pri:0, instance:testScripts.FacebookTest@3bfdc050]" name="launch" is-config="true" duration-ms="5632" started-at="2018-08-30T13:52:38Z" finished-at="2018-08-30T13:52:44Z">
          <reporter-output>
          </reporter-output>
        </test-method> <!-- launch -->
        <test-method status="PASS" signature="fbTest()[pri:0, instance:testScripts.FacebookTest@3bfdc050]" name="fbTest" duration-ms="8558" started-at="2018-08-30T13:52:44Z" finished-at="2018-08-30T13:52:52Z">
          <reporter-output>
          </reporter-output>
        </test-method> <!-- fbTest -->
        <test-method status="PASS" signature="closeBrowser()[pri:0, instance:testScripts.FacebookTest@3bfdc050]" name="closeBrowser" is-config="true" duration-ms="946" started-at="2018-08-30T13:52:52Z" finished-at="2018-08-30T13:52:53Z">
          <reporter-output>
          </reporter-output>
        </test-method> <!-- closeBrowser -->
      </class> <!-- testScripts.FacebookTest -->
    </test> <!-- Test -->
  </suite> <!-- Suite -->
</testng-results>
