<?xml version="1.0" encoding="UTF-8"?>
<!-- Generated by org.testng.reporters.JUnitXMLReporter -->
<testsuite hostname="MANNUANNUAA94" ignored="0" name="Test" tests="4" failures="0" timestamp="30 Aug 2018 13:53:28 GMT" time="50.073" errors="0">
  <testcase name="fbTest" time="8.558" classname="testScripts.FacebookTest"/>
  <testcase name="InstaTest" time="7.041" classname="testScripts.InstagramTest"/>
  <testcase name="linkedinTest" time="6.963" classname="testScripts.LinkedinTest"/>
  <testcase name="twitTest" time="6.09" classname="testScripts.TwitterTest"/>
</testsuite> <!-- Test -->
